2024-04-04 10:40:38 [@MacBook-Pro-de-Alex.local]
Interne #1 : Démarrage contract
2024-04-04 11:25:39 [2@MacBook-Pro-de-Alex.local]
Interne #1 : Démarrage infocom
2024-04-05 06:20:31 [2@MacBook-Pro-de-Alex.local]
Interne #1 : Démarrage mailgate
2024-04-05 06:26:18 [2@MacBook-Pro-de-Alex.local]
Interne #1 : Démarrage session
2024-04-05 06:38:14 [2@MacBook-Pro-de-Alex.local]
Interne #1 : Démarrage graph
2024-04-05 06:42:35 [@MacBook-Pro-de-Alex.local]
Interne #1 : Démarrage reservation
2024-04-05 06:43:21 [@MacBook-Pro-de-Alex.local]
Interne #1 : Démarrage closeticket
2024-04-05 06:43:32 [@MacBook-Pro-de-Alex.local]
Interne #1 : Démarrage alertnotclosed
2024-04-05 06:46:36 [@MacBook-Pro-de-Alex.local]
Interne #1 : Démarrage slaticket
2024-04-05 06:46:51 [@MacBook-Pro-de-Alex.local]
Interne #1 : Démarrage createinquest
2024-04-05 06:46:58 [@MacBook-Pro-de-Alex.local]
Interne #1 : Démarrage watcher
2024-04-05 06:47:35 [@MacBook-Pro-de-Alex.local]
Interne #1 : Démarrage RecurrentItems
2024-04-05 06:49:16 [@MacBook-Pro-de-Alex.local]
Interne #1 : Démarrage planningrecall
2024-04-05 06:51:03 [@MacBook-Pro-de-Alex.local]
Interne #1 : Démarrage queuednotification
2024-04-05 06:52:15 [@MacBook-Pro-de-Alex.local]
Interne #1 : Démarrage queuednotificationclean
2024-04-05 06:53:41 [@MacBook-Pro-de-Alex.local]
Interne #1 : Démarrage temp
2024-04-05 06:53:58 [@MacBook-Pro-de-Alex.local]
Interne #1 : Démarrage mailgateerror
2024-04-05 06:59:52 [2@MacBook-Pro-de-Alex.local]
Interne #1 : Démarrage certificate
2024-04-05 07:00:02 [@MacBook-Pro-de-Alex.local]
Interne #1 : Démarrage olaticket
2024-04-05 07:15:07 [@MacBook-Pro-de-Alex.local]
Interne #1 : Démarrage mailgate
2024-04-05 07:15:30 [@MacBook-Pro-de-Alex.local]
Interne #1 : Démarrage slaticket
2024-04-05 07:25:17 [2@MacBook-Pro-de-Alex.local]
Interne #1 : Démarrage queuednotification
2024-04-05 07:36:16 [2@MacBook-Pro-de-Alex.local]
Interne #1 : Démarrage planningrecall
2024-04-05 07:36:36 [@MacBook-Pro-de-Alex.local]
Interne #1 : Démarrage olaticket
2024-04-05 07:37:12 [@MacBook-Pro-de-Alex.local]
Interne #1 : Démarrage slaticket
2024-04-05 07:44:40 [2@MacBook-Pro-de-Alex.local]
Interne #1 : Démarrage mailgate
