2024-04-04 10:40:50 [@MacBook-Pro-de-Alex.local]
[login] 3: glpi se connecte depuis l'IP 
2024-04-05 06:42:40 [@MacBook-Pro-de-Alex.local]
[login] 3: normal se connecte depuis l'IP 
2024-04-05 06:43:28 [@MacBook-Pro-de-Alex.local]
[login] 3: Connexion échouée de glpi glpi depuis l'IP 
2024-04-05 06:43:38 [@MacBook-Pro-de-Alex.local]
[login] 3: glpi se connecte depuis l'IP 
2024-04-05 06:46:44 [@MacBook-Pro-de-Alex.local]
[login] 3: opitois se connecte depuis l'IP 
2024-04-05 06:46:56 [@MacBook-Pro-de-Alex.local]
[login] 3: opitois se connecte depuis l'IP 
2024-04-05 06:47:03 [@MacBook-Pro-de-Alex.local]
[login] 3: glpi se connecte depuis l'IP 
2024-04-05 06:47:41 [@MacBook-Pro-de-Alex.local]
[login] 3: opitois se connecte depuis l'IP 
2024-04-05 06:49:22 [@MacBook-Pro-de-Alex.local]
[login] 3: glpi se connecte depuis l'IP 
2024-04-05 06:51:09 [@MacBook-Pro-de-Alex.local]
[login] 3: opitois se connecte depuis l'IP 
2024-04-05 06:52:00 [@MacBook-Pro-de-Alex.local]
[login] 3: opitois se connecte depuis l'IP 
2024-04-05 06:52:23 [@MacBook-Pro-de-Alex.local]
[login] 3: glpi se connecte depuis l'IP 
2024-04-05 06:53:47 [@MacBook-Pro-de-Alex.local]
[login] 3: opitois se connecte depuis l'IP 
2024-04-05 06:54:02 [@MacBook-Pro-de-Alex.local]
[login] 3: glpi se connecte depuis l'IP 
2024-04-05 07:15:04 [@MacBook-Pro-de-Alex.local]
[login] 3: Connexion échouée de opitois depuis l'IP 
2024-04-05 07:15:18 [@MacBook-Pro-de-Alex.local]
[login] 3: opitois se connecte depuis l'IP 
2024-04-05 07:15:39 [@MacBook-Pro-de-Alex.local]
[login] 3: glpi se connecte depuis l'IP 
2024-04-05 07:36:43 [@MacBook-Pro-de-Alex.local]
[login] 3: opitois se connecte depuis l'IP 
2024-04-05 07:37:18 [@MacBook-Pro-de-Alex.local]
[login] 3: glpi se connecte depuis l'IP 
